# JRE version: OpenJDK Runtime Environment Temurin-21+35 (21.0+35) (build 21+35-LTS)
# Java VM: OpenJDK 64-Bit Server VM Temurin-21+35 (21+35-LTS, mixed mode, emulated-client, sharing, tiered, compressed oops, compressed class ptrs, g1 gc, windows-amd64)
GC Precious Log:
 CardTable entry size: 512
 Card Set container configuration: InlinePtr #cards 4 size 8 Array Of Cards #cards 16 size 48 Howl #buckets 8 coarsen threshold 3686 Howl Bitmap #cards 512 size 80 coarsen threshold 460 Card regions per heap region 1 cards per card region 4096
 CPUs: 8 total, 8 available
 Memory: 16345M
 Large Page Support: Disabled
 NUMA Support: Disabled
 Compressed Oops: Enabled (Zero based)
 Heap Region Size: 2M
 Heap Min Capacity: 8M
 Heap Initial Capacity: 256M
 Heap Max Capacity: 4088M
 Pre-touch: Disabled
 Parallel Workers: 8
 Concurrent Workers: 2
 Concurrent Refinement Workers: 8
 Periodic GC: Disabled
Heap:
 garbage-first heap   total 83968K, used 31211K [0x0000000700800000, 0x0000000800000000)
  region size 2048K, 4 young (8192K), 2 survivors (4096K)
 Metaspace       used 60180K, committed 60800K, reserved 1114112K
  class space    used 8358K, committed 8640K, reserved 1048576K
GC Heap History (20 events):
Event: 0.659 GC heap before
{Heap before GC invocations=0 (full 0):
 garbage-first heap   total 262144K, used 20480K [0x0000000700800000, 0x0000000800000000)
  region size 2048K, 11 young (22528K), 0 survivors (0K)
 Metaspace       used 3657K, committed 3840K, reserved 1114112K
  class space    used 485K, committed 576K, reserved 1048576K
}
Event: 0.665 GC heap after
{Heap after GC invocations=1 (full 0):
 garbage-first heap   total 262144K, used 7286K [0x0000000700800000, 0x0000000800000000)
  region size 2048K, 2 young (4096K), 2 survivors (4096K)
 Metaspace       used 3657K, committed 3840K, reserved 1114112K
  class space    used 485K, committed 576K, reserved 1048576K
}
Event: 1.096 GC heap before
{Heap before GC invocations=1 (full 0):
 garbage-first heap   total 262144K, used 29814K [0x0000000700800000, 0x0000000800000000)
  region size 2048K, 14 young (28672K), 2 survivors (4096K)
 Metaspace       used 9123K, committed 9472K, reserved 1114112K
  class space    used 1262K, committed 1408K, reserved 1048576K
}
Event: 1.101 GC heap after
{Heap after GC invocations=2 (full 0):
 garbage-first heap   total 262144K, used 9616K [0x0000000700800000, 0x0000000800000000)
  region size 2048K, 1 young (2048K), 1 survivors (2048K)
 Metaspace       used 9123K, committed 9472K, reserved 1114112K
  class space    used 1262K, committed 1408K, reserved 1048576K
}
Event: 1.795 GC heap before
{Heap before GC invocations=2 (full 0):
 garbage-first heap   total 262144K, used 79248K [0x0000000700800000, 0x0000000800000000)
  region size 2048K, 37 young (75776K), 1 survivors (2048K)
 Metaspace       used 21251K, committed 21504K, reserved 1114112K
  class space    used 2754K, committed 2880K, reserved 1048576K
}
Event: 1.803 GC heap after
{Heap after GC invocations=3 (full 0):
 garbage-first heap   total 262144K, used 15533K [0x0000000700800000, 0x0000000800000000)
  region size 2048K, 4 young (8192K), 4 survivors (8192K)
 Metaspace       used 21251K, committed 21504K, reserved 1114112K
  class space    used 2754K, committed 2880K, reserved 1048576K
}
Event: 2.179 GC heap before
{Heap before GC invocations=4 (full 0):
 garbage-first heap   total 69632K, used 48301K [0x0000000700800000, 0x0000000800000000)
  region size 2048K, 20 young (40960K), 4 survivors (8192K)
 Metaspace       used 24877K, committed 25216K, reserved 1114112K
  class space    used 3238K, committed 3392K, reserved 1048576K
}
Event: 2.189 GC heap after
{Heap after GC invocations=5 (full 0):
 garbage-first heap   total 69632K, used 18330K [0x0000000700800000, 0x0000000800000000)
  region size 2048K, 2 young (4096K), 2 survivors (4096K)
 Metaspace       used 24877K, committed 25216K, reserved 1114112K
  class space    used 3238K, committed 3392K, reserved 1048576K
}
Event: 2.762 GC heap before
{Heap before GC invocations=5 (full 0):
 garbage-first heap   total 69632K, used 51098K [0x0000000700800000, 0x0000000800000000)
  region size 2048K, 18 young (36864K), 2 survivors (4096K)
 Metaspace       used 28806K, committed 29248K, reserved 1114112K
  class space    used 3790K, committed 3968K, reserved 1048576K
}
Event: 2.773 GC heap after
{Heap after GC invocations=6 (full 0):
 garbage-first heap   total 69632K, used 20928K [0x0000000700800000, 0x0000000800000000)
  region size 2048K, 2 young (4096K), 2 survivors (4096K)
 Metaspace       used 28806K, committed 29248K, reserved 1114112K
  class space    used 3790K, committed 3968K, reserved 1048576K
}
Event: 3.476 GC heap before
{Heap before GC invocations=6 (full 0):
 garbage-first heap   total 69632K, used 53696K [0x0000000700800000, 0x0000000800000000)
  region size 2048K, 18 young (36864K), 2 survivors (4096K)
 Metaspace       used 34574K, committed 35072K, reserved 1114112K
  class space    used 4576K, committed 4800K, reserved 1048576K
}
Event: 3.487 GC heap after
{Heap after GC invocations=7 (full 0):
 garbage-first heap   total 83968K, used 23312K [0x0000000700800000, 0x0000000800000000)
  region size 2048K, 3 young (6144K), 3 survivors (6144K)
 Metaspace       used 34574K, committed 35072K, reserved 1114112K
  class space    used 4576K, committed 4800K, reserved 1048576K
}
Event: 3.638 GC heap before
{Heap before GC invocations=7 (full 0):
 garbage-first heap   total 83968K, used 33552K [0x0000000700800000, 0x0000000800000000)
  region size 2048K, 9 young (18432K), 3 survivors (6144K)
 Metaspace       used 35622K, committed 36096K, reserved 1114112K
  class space    used 4750K, committed 4992K, reserved 1048576K
}
Event: 3.651 GC heap after
{Heap after GC invocations=8 (full 0):
 garbage-first heap   total 83968K, used 24211K [0x0000000700800000, 0x0000000800000000)
  region size 2048K, 2 young (4096K), 2 survivors (4096K)
 Metaspace       used 35622K, committed 36096K, reserved 1114112K
  class space    used 4750K, committed 4992K, reserved 1048576K
}
Event: 7.209 GC heap before
{Heap before GC invocations=9 (full 0):
 garbage-first heap   total 83968K, used 69267K [0x0000000700800000, 0x0000000800000000)
  region size 2048K, 24 young (49152K), 2 survivors (4096K)
 Metaspace       used 46100K, committed 46656K, reserved 1114112K
  class space    used 6163K, committed 6400K, reserved 1048576K
}
Event: 7.222 GC heap after
{Heap after GC invocations=10 (full 0):
 garbage-first heap   total 83968K, used 26758K [0x0000000700800000, 0x0000000800000000)
  region size 2048K, 2 young (4096K), 2 survivors (4096K)
 Metaspace       used 46100K, committed 46656K, reserved 1114112K
  class space    used 6163K, committed 6400K, reserved 1048576K
}
Event: 8.290 GC heap before
{Heap before GC invocations=10 (full 0):
 garbage-first heap   total 83968K, used 69766K [0x0000000700800000, 0x0000000800000000)
  region size 2048K, 23 young (47104K), 2 survivors (4096K)
 Metaspace       used 54567K, committed 55232K, reserved 1114112K
  class space    used 7385K, committed 7680K, reserved 1048576K
}
Event: 8.305 GC heap after
{Heap after GC invocations=11 (full 0):
 garbage-first heap   total 83968K, used 28283K [0x0000000700800000, 0x0000000800000000)
  region size 2048K, 3 young (6144K), 3 survivors (6144K)
 Metaspace       used 54567K, committed 55232K, reserved 1114112K
  class space    used 7385K, committed 7680K, reserved 1048576K
}
Event: 8.734 GC heap before
{Heap before GC invocations=11 (full 0):
 garbage-first heap   total 83968K, used 46715K [0x0000000700800000, 0x0000000800000000)
  region size 2048K, 13 young (26624K), 3 survivors (6144K)
 Metaspace       used 59822K, committed 60480K, reserved 1114112K
  class space    used 8293K, committed 8576K, reserved 1048576K
}
Event: 8.745 GC heap after
{Heap after GC invocations=12 (full 0):
 garbage-first heap   total 83968K, used 29163K [0x0000000700800000, 0x0000000800000000)
  region size 2048K, 2 young (4096K), 2 survivors (4096K)
 Metaspace       used 59822K, committed 60480K, reserved 1114112K
  class space    used 8293K, committed 8576K, reserved 1048576K
}

